20:59:51.942 [main] DEBUG io.netty.util.internal.logging.InternalLoggerFactory - Using Log4J2 as the default logging framework
20:59:51.970 [main] DEBUG io.netty.util.ResourceLeakDetector - -Dio.netty.leakDetection.level: simple
20:59:51.970 [main] DEBUG io.netty.util.ResourceLeakDetector - -Dio.netty.leakDetection.targetRecords: 4
20:59:51.990 [main] DEBUG io.netty.util.ResourceLeakDetectorFactory - Loaded default ResourceLeakDetector: io.netty.util.ResourceLeakDetector@64b31700
20:59:52.052 [main] DEBUG io.netty.util.internal.PlatformDependent0 - -Dio.netty.noUnsafe: false
20:59:52.055 [main] DEBUG io.netty.util.internal.PlatformDependent0 - Java version: 16
20:59:52.061 [main] DEBUG io.netty.util.internal.PlatformDependent0 - sun.misc.Unsafe.theUnsafe: available
20:59:52.064 [main] DEBUG io.netty.util.internal.PlatformDependent0 - sun.misc.Unsafe.copyMemory: available
20:59:52.066 [main] DEBUG io.netty.util.internal.PlatformDependent0 - sun.misc.Unsafe.storeFence: available
20:59:52.068 [main] DEBUG io.netty.util.internal.PlatformDependent0 - java.nio.Buffer.address: available
20:59:52.071 [main] DEBUG io.netty.util.internal.PlatformDependent0 - direct buffer constructor: unavailable
java.lang.UnsupportedOperationException: Reflective setAccessible(true) disabled
	at io.netty.util.internal.ReflectionUtil.trySetAccessible(ReflectionUtil.java:31) ~[netty-common-4.1.78.Final.jar:4.1.78.Final]
	at io.netty.util.internal.PlatformDependent0$5.run(PlatformDependent0.java:287) ~[netty-common-4.1.78.Final.jar:4.1.78.Final]
	at java.security.AccessController.doPrivileged(AccessController.java:312) ~[?:?]
	at io.netty.util.internal.PlatformDependent0.<clinit>(PlatformDependent0.java:281) ~[netty-common-4.1.78.Final.jar:4.1.78.Final]
	at io.netty.util.internal.PlatformDependent.isAndroid(PlatformDependent.java:294) ~[netty-common-4.1.78.Final.jar:4.1.78.Final]
	at io.netty.util.internal.PlatformDependent.<clinit>(PlatformDependent.java:88) ~[netty-common-4.1.78.Final.jar:4.1.78.Final]
	at io.netty.util.HashedWheelTimer.<init>(HashedWheelTimer.java:114) ~[netty-common-4.1.78.Final.jar:4.1.78.Final]
	at io.netty.util.HashedWheelTimer.<init>(HashedWheelTimer.java:251) ~[netty-common-4.1.78.Final.jar:4.1.78.Final]
	at io.netty.util.HashedWheelTimer.<init>(HashedWheelTimer.java:224) ~[netty-common-4.1.78.Final.jar:4.1.78.Final]
	at io.netty.util.HashedWheelTimer.<init>(HashedWheelTimer.java:203) ~[netty-common-4.1.78.Final.jar:4.1.78.Final]
	at org.asynchttpclient.DefaultAsyncHttpClient.newNettyTimer(DefaultAsyncHttpClient.java:111) ~[async-http-client-2.12.3.jar:?]
	at org.asynchttpclient.DefaultAsyncHttpClient.<init>(DefaultAsyncHttpClient.java:90) ~[async-http-client-2.12.3.jar:?]
	at org.asynchttpclient.Dsl.asyncHttpClient(Dsl.java:32) ~[async-http-client-2.12.3.jar:?]
	at org.openqa.selenium.remote.http.netty.NettyClient.createHttpClient(NettyClient.java:93) ~[selenium-remote-driver-4.3.0.jar:?]
	at org.openqa.selenium.remote.http.netty.NettyClient.<clinit>(NettyClient.java:47) ~[selenium-remote-driver-4.3.0.jar:?]
	at org.openqa.selenium.remote.http.netty.NettyClient$Factory.createClient(NettyClient.java:134) ~[selenium-remote-driver-4.3.0.jar:?]
	at org.openqa.selenium.remote.HttpCommandExecutor.<init>(HttpCommandExecutor.java:107) ~[selenium-remote-driver-4.3.0.jar:?]
	at org.openqa.selenium.remote.HttpCommandExecutor.<init>(HttpCommandExecutor.java:94) ~[selenium-remote-driver-4.3.0.jar:?]
	at org.openqa.selenium.remote.HttpCommandExecutor.<init>(HttpCommandExecutor.java:85) ~[selenium-remote-driver-4.3.0.jar:?]
	at org.openqa.selenium.remote.service.DriverCommandExecutor.<init>(DriverCommandExecutor.java:80) ~[selenium-remote-driver-4.3.0.jar:?]
	at org.openqa.selenium.chromium.ChromiumDriverCommandExecutor.<init>(ChromiumDriverCommandExecutor.java:35) ~[selenium-chromium-driver-4.3.0.jar:?]
	at org.openqa.selenium.chrome.ChromeDriver$ChromeDriverCommandExecutor.<init>(ChromeDriver.java:93) ~[selenium-chrome-driver-4.3.0.jar:?]
	at org.openqa.selenium.chrome.ChromeDriver.<init>(ChromeDriver.java:81) ~[selenium-chrome-driver-4.3.0.jar:?]
	at org.openqa.selenium.chrome.ChromeDriver.<init>(ChromeDriver.java:49) ~[selenium-chrome-driver-4.3.0.jar:?]
	at utils.BaseTest.setUp(BaseTest.java:29) ~[classes/:?]
	at jdk.internal.reflect.NativeMethodAccessorImpl.invoke0(Native Method) ~[?:?]
	at jdk.internal.reflect.NativeMethodAccessorImpl.invoke(NativeMethodAccessorImpl.java:78) ~[?:?]
	at jdk.internal.reflect.DelegatingMethodAccessorImpl.invoke(DelegatingMethodAccessorImpl.java:43) ~[?:?]
	at java.lang.reflect.Method.invoke(Method.java:567) ~[?:?]
	at org.testng.internal.MethodInvocationHelper.invokeMethod(MethodInvocationHelper.java:133) ~[org.testng_7.4.0.r202105021533.jar:7.4.0]
	at org.testng.internal.MethodInvocationHelper.invokeMethodConsideringTimeout(MethodInvocationHelper.java:62) ~[org.testng_7.4.0.r202105021533.jar:7.4.0]
	at org.testng.internal.ConfigInvoker.invokeConfigurationMethod(ConfigInvoker.java:385) ~[org.testng_7.4.0.r202105021533.jar:7.4.0]
	at org.testng.internal.ConfigInvoker.invokeConfigurations(ConfigInvoker.java:321) ~[org.testng_7.4.0.r202105021533.jar:7.4.0]
	at org.testng.internal.TestMethodWorker.invokeBeforeClassMethods(TestMethodWorker.java:176) ~[org.testng_7.4.0.r202105021533.jar:7.4.0]
	at org.testng.internal.TestMethodWorker.run(TestMethodWorker.java:122) ~[org.testng_7.4.0.r202105021533.jar:7.4.0]
	at java.util.ArrayList.forEach(ArrayList.java:1511) ~[?:?]
	at org.testng.TestRunner.privateRun(TestRunner.java:794) ~[org.testng_7.4.0.r202105021533.jar:7.4.0]
	at org.testng.TestRunner.run(TestRunner.java:596) ~[org.testng_7.4.0.r202105021533.jar:7.4.0]
	at org.testng.SuiteRunner.runTest(SuiteRunner.java:377) ~[org.testng_7.4.0.r202105021533.jar:7.4.0]
	at org.testng.SuiteRunner.runSequentially(SuiteRunner.java:371) ~[org.testng_7.4.0.r202105021533.jar:7.4.0]
	at org.testng.SuiteRunner.privateRun(SuiteRunner.java:332) ~[org.testng_7.4.0.r202105021533.jar:7.4.0]
	at org.testng.SuiteRunner.run(SuiteRunner.java:276) ~[org.testng_7.4.0.r202105021533.jar:7.4.0]
	at org.testng.SuiteRunnerWorker.runSuite(SuiteRunnerWorker.java:53) ~[org.testng_7.4.0.r202105021533.jar:7.4.0]
	at org.testng.SuiteRunnerWorker.run(SuiteRunnerWorker.java:96) ~[org.testng_7.4.0.r202105021533.jar:7.4.0]
	at org.testng.TestNG.runSuitesSequentially(TestNG.java:1212) ~[org.testng_7.4.0.r202105021533.jar:7.4.0]
	at org.testng.TestNG.runSuitesLocally(TestNG.java:1134) ~[org.testng_7.4.0.r202105021533.jar:7.4.0]
	at org.testng.TestNG.runSuites(TestNG.java:1063) ~[org.testng_7.4.0.r202105021533.jar:7.4.0]
	at org.testng.TestNG.run(TestNG.java:1031) ~[org.testng_7.4.0.r202105021533.jar:7.4.0]
	at org.testng.remote.AbstractRemoteTestNG.run(AbstractRemoteTestNG.java:115) ~[testng-remote.jar:?]
	at org.testng.remote.RemoteTestNG.initAndRun(RemoteTestNG.java:251) ~[testng-remote.jar:?]
	at org.testng.remote.RemoteTestNG.main(RemoteTestNG.java:77) ~[testng-remote.jar:?]
20:59:52.144 [main] DEBUG io.netty.util.internal.PlatformDependent0 - java.nio.Bits.unaligned: available, true
20:59:52.152 [main] DEBUG io.netty.util.internal.PlatformDependent0 - jdk.internal.misc.Unsafe.allocateUninitializedArray(int): unavailable
java.lang.IllegalAccessException: class io.netty.util.internal.PlatformDependent0$7 cannot access class jdk.internal.misc.Unsafe (in module java.base) because module java.base does not export jdk.internal.misc to unnamed module @3a03464
	at jdk.internal.reflect.Reflection.newIllegalAccessException(Reflection.java:385) ~[?:?]
	at java.lang.reflect.AccessibleObject.checkAccess(AccessibleObject.java:687) ~[?:?]
	at java.lang.reflect.Method.invoke(Method.java:559) ~[?:?]
	at io.netty.util.internal.PlatformDependent0$7.run(PlatformDependent0.java:409) ~[netty-common-4.1.78.Final.jar:4.1.78.Final]
	at java.security.AccessController.doPrivileged(AccessController.java:312) ~[?:?]
	at io.netty.util.internal.PlatformDependent0.<clinit>(PlatformDependent0.java:400) ~[netty-common-4.1.78.Final.jar:4.1.78.Final]
	at io.netty.util.internal.PlatformDependent.isAndroid(PlatformDependent.java:294) ~[netty-common-4.1.78.Final.jar:4.1.78.Final]
	at io.netty.util.internal.PlatformDependent.<clinit>(PlatformDependent.java:88) ~[netty-common-4.1.78.Final.jar:4.1.78.Final]
	at io.netty.util.HashedWheelTimer.<init>(HashedWheelTimer.java:114) ~[netty-common-4.1.78.Final.jar:4.1.78.Final]
	at io.netty.util.HashedWheelTimer.<init>(HashedWheelTimer.java:251) ~[netty-common-4.1.78.Final.jar:4.1.78.Final]
	at io.netty.util.HashedWheelTimer.<init>(HashedWheelTimer.java:224) ~[netty-common-4.1.78.Final.jar:4.1.78.Final]
	at io.netty.util.HashedWheelTimer.<init>(HashedWheelTimer.java:203) ~[netty-common-4.1.78.Final.jar:4.1.78.Final]
	at org.asynchttpclient.DefaultAsyncHttpClient.newNettyTimer(DefaultAsyncHttpClient.java:111) ~[async-http-client-2.12.3.jar:?]
	at org.asynchttpclient.DefaultAsyncHttpClient.<init>(DefaultAsyncHttpClient.java:90) ~[async-http-client-2.12.3.jar:?]
	at org.asynchttpclient.Dsl.asyncHttpClient(Dsl.java:32) ~[async-http-client-2.12.3.jar:?]
	at org.openqa.selenium.remote.http.netty.NettyClient.createHttpClient(NettyClient.java:93) ~[selenium-remote-driver-4.3.0.jar:?]
	at org.openqa.selenium.remote.http.netty.NettyClient.<clinit>(NettyClient.java:47) ~[selenium-remote-driver-4.3.0.jar:?]
	at org.openqa.selenium.remote.http.netty.NettyClient$Factory.createClient(NettyClient.java:134) ~[selenium-remote-driver-4.3.0.jar:?]
	at org.openqa.selenium.remote.HttpCommandExecutor.<init>(HttpCommandExecutor.java:107) ~[selenium-remote-driver-4.3.0.jar:?]
	at org.openqa.selenium.remote.HttpCommandExecutor.<init>(HttpCommandExecutor.java:94) ~[selenium-remote-driver-4.3.0.jar:?]
	at org.openqa.selenium.remote.HttpCommandExecutor.<init>(HttpCommandExecutor.java:85) ~[selenium-remote-driver-4.3.0.jar:?]
	at org.openqa.selenium.remote.service.DriverCommandExecutor.<init>(DriverCommandExecutor.java:80) ~[selenium-remote-driver-4.3.0.jar:?]
	at org.openqa.selenium.chromium.ChromiumDriverCommandExecutor.<init>(ChromiumDriverCommandExecutor.java:35) ~[selenium-chromium-driver-4.3.0.jar:?]
	at org.openqa.selenium.chrome.ChromeDriver$ChromeDriverCommandExecutor.<init>(ChromeDriver.java:93) ~[selenium-chrome-driver-4.3.0.jar:?]
	at org.openqa.selenium.chrome.ChromeDriver.<init>(ChromeDriver.java:81) ~[selenium-chrome-driver-4.3.0.jar:?]
	at org.openqa.selenium.chrome.ChromeDriver.<init>(ChromeDriver.java:49) ~[selenium-chrome-driver-4.3.0.jar:?]
	at utils.BaseTest.setUp(BaseTest.java:29) ~[classes/:?]
	at jdk.internal.reflect.NativeMethodAccessorImpl.invoke0(Native Method) ~[?:?]
	at jdk.internal.reflect.NativeMethodAccessorImpl.invoke(NativeMethodAccessorImpl.java:78) ~[?:?]
	at jdk.internal.reflect.DelegatingMethodAccessorImpl.invoke(DelegatingMethodAccessorImpl.java:43) ~[?:?]
	at java.lang.reflect.Method.invoke(Method.java:567) ~[?:?]
	at org.testng.internal.MethodInvocationHelper.invokeMethod(MethodInvocationHelper.java:133) ~[org.testng_7.4.0.r202105021533.jar:7.4.0]
	at org.testng.internal.MethodInvocationHelper.invokeMethodConsideringTimeout(MethodInvocationHelper.java:62) ~[org.testng_7.4.0.r202105021533.jar:7.4.0]
	at org.testng.internal.ConfigInvoker.invokeConfigurationMethod(ConfigInvoker.java:385) ~[org.testng_7.4.0.r202105021533.jar:7.4.0]
	at org.testng.internal.ConfigInvoker.invokeConfigurations(ConfigInvoker.java:321) ~[org.testng_7.4.0.r202105021533.jar:7.4.0]
	at org.testng.internal.TestMethodWorker.invokeBeforeClassMethods(TestMethodWorker.java:176) ~[org.testng_7.4.0.r202105021533.jar:7.4.0]
	at org.testng.internal.TestMethodWorker.run(TestMethodWorker.java:122) ~[org.testng_7.4.0.r202105021533.jar:7.4.0]
	at java.util.ArrayList.forEach(ArrayList.java:1511) ~[?:?]
	at org.testng.TestRunner.privateRun(TestRunner.java:794) ~[org.testng_7.4.0.r202105021533.jar:7.4.0]
	at org.testng.TestRunner.run(TestRunner.java:596) ~[org.testng_7.4.0.r202105021533.jar:7.4.0]
	at org.testng.SuiteRunner.runTest(SuiteRunner.java:377) ~[org.testng_7.4.0.r202105021533.jar:7.4.0]
	at org.testng.SuiteRunner.runSequentially(SuiteRunner.java:371) ~[org.testng_7.4.0.r202105021533.jar:7.4.0]
	at org.testng.SuiteRunner.privateRun(SuiteRunner.java:332) ~[org.testng_7.4.0.r202105021533.jar:7.4.0]
	at org.testng.SuiteRunner.run(SuiteRunner.java:276) ~[org.testng_7.4.0.r202105021533.jar:7.4.0]
	at org.testng.SuiteRunnerWorker.runSuite(SuiteRunnerWorker.java:53) ~[org.testng_7.4.0.r202105021533.jar:7.4.0]
	at org.testng.SuiteRunnerWorker.run(SuiteRunnerWorker.java:96) ~[org.testng_7.4.0.r202105021533.jar:7.4.0]
	at org.testng.TestNG.runSuitesSequentially(TestNG.java:1212) ~[org.testng_7.4.0.r202105021533.jar:7.4.0]
	at org.testng.TestNG.runSuitesLocally(TestNG.java:1134) ~[org.testng_7.4.0.r202105021533.jar:7.4.0]
	at org.testng.TestNG.runSuites(TestNG.java:1063) ~[org.testng_7.4.0.r202105021533.jar:7.4.0]
	at org.testng.TestNG.run(TestNG.java:1031) ~[org.testng_7.4.0.r202105021533.jar:7.4.0]
	at org.testng.remote.AbstractRemoteTestNG.run(AbstractRemoteTestNG.java:115) ~[testng-remote.jar:?]
	at org.testng.remote.RemoteTestNG.initAndRun(RemoteTestNG.java:251) ~[testng-remote.jar:?]
	at org.testng.remote.RemoteTestNG.main(RemoteTestNG.java:77) ~[testng-remote.jar:?]
20:59:52.175 [main] DEBUG io.netty.util.internal.PlatformDependent0 - java.nio.DirectByteBuffer.<init>(long, int): unavailable
20:59:52.178 [main] DEBUG io.netty.util.internal.PlatformDependent - sun.misc.Unsafe: available
20:59:52.183 [main] DEBUG io.netty.util.internal.PlatformDependent - maxDirectMemory: 4294967296 bytes (maybe)
20:59:52.185 [main] DEBUG io.netty.util.internal.PlatformDependent - -Dio.netty.tmpdir: /var/folders/r5/ws06c4s55zn3h_lhtpbh3_yw0000gn/T (java.io.tmpdir)
20:59:52.186 [main] DEBUG io.netty.util.internal.PlatformDependent - -Dio.netty.bitMode: 64 (sun.arch.data.model)
20:59:52.194 [main] DEBUG io.netty.util.internal.PlatformDependent - Platform: MacOS
20:59:52.200 [main] DEBUG io.netty.util.internal.PlatformDependent - -Dio.netty.maxDirectMemory: -1 bytes
20:59:52.201 [main] DEBUG io.netty.util.internal.PlatformDependent - -Dio.netty.uninitializedArrayAllocationThreshold: -1
20:59:52.209 [main] DEBUG io.netty.util.internal.CleanerJava9 - java.nio.ByteBuffer.cleaner(): available
20:59:52.210 [main] DEBUG io.netty.util.internal.PlatformDependent - -Dio.netty.noPreferDirect: false
20:59:52.240 [main] DEBUG io.netty.util.internal.PlatformDependent - org.jctools-core.MpscChunkedArrayQueue: available
20:59:52.310 [main] DEBUG io.netty.util.internal.InternalThreadLocalMap - -Dio.netty.threadLocalMap.stringBuilder.initialSize: 1024
20:59:52.312 [main] DEBUG io.netty.util.internal.InternalThreadLocalMap - -Dio.netty.threadLocalMap.stringBuilder.maxSize: 4096
20:59:53.309 [main] DEBUG io.netty.handler.ssl.JdkSslContext - Default protocols (JDK): [TLSv1.3, TLSv1.2] 
20:59:53.310 [main] DEBUG io.netty.handler.ssl.JdkSslContext - Default cipher suites (JDK): [TLS_ECDHE_ECDSA_WITH_AES_256_GCM_SHA384, TLS_ECDHE_ECDSA_WITH_AES_128_GCM_SHA256, TLS_ECDHE_RSA_WITH_AES_128_GCM_SHA256, TLS_ECDHE_RSA_WITH_AES_256_GCM_SHA384, TLS_ECDHE_RSA_WITH_AES_128_CBC_SHA, TLS_ECDHE_RSA_WITH_AES_256_CBC_SHA, TLS_RSA_WITH_AES_128_GCM_SHA256, TLS_RSA_WITH_AES_128_CBC_SHA, TLS_RSA_WITH_AES_256_CBC_SHA, TLS_AES_128_GCM_SHA256, TLS_AES_256_GCM_SHA384]
20:59:53.406 [main] DEBUG io.netty.channel.MultithreadEventLoopGroup - -Dio.netty.eventLoopThreads: 16
20:59:53.444 [main] DEBUG io.netty.channel.nio.NioEventLoop - -Dio.netty.noKeySetOptimization: false
20:59:53.445 [main] DEBUG io.netty.channel.nio.NioEventLoop - -Dio.netty.selectorAutoRebuildThreshold: 512
20:59:53.466 [main] TRACE io.netty.channel.nio.NioEventLoop - instrumented a special java.util.Set into: sun.nio.ch.KQueueSelectorImpl@5e39850
20:59:53.468 [main] TRACE io.netty.channel.nio.NioEventLoop - instrumented a special java.util.Set into: sun.nio.ch.KQueueSelectorImpl@70abf9b0
20:59:53.471 [main] TRACE io.netty.channel.nio.NioEventLoop - instrumented a special java.util.Set into: sun.nio.ch.KQueueSelectorImpl@6a10b263
20:59:53.472 [main] TRACE io.netty.channel.nio.NioEventLoop - instrumented a special java.util.Set into: sun.nio.ch.KQueueSelectorImpl@476ec9d0
20:59:53.473 [main] TRACE io.netty.channel.nio.NioEventLoop - instrumented a special java.util.Set into: sun.nio.ch.KQueueSelectorImpl@325bb9a6
20:59:53.475 [main] TRACE io.netty.channel.nio.NioEventLoop - instrumented a special java.util.Set into: sun.nio.ch.KQueueSelectorImpl@1d12b024
20:59:53.476 [main] TRACE io.netty.channel.nio.NioEventLoop - instrumented a special java.util.Set into: sun.nio.ch.KQueueSelectorImpl@72fe8a4f
20:59:53.477 [main] TRACE io.netty.channel.nio.NioEventLoop - instrumented a special java.util.Set into: sun.nio.ch.KQueueSelectorImpl@43effd89
20:59:53.478 [main] TRACE io.netty.channel.nio.NioEventLoop - instrumented a special java.util.Set into: sun.nio.ch.KQueueSelectorImpl@2c16fadb
20:59:53.478 [main] TRACE io.netty.channel.nio.NioEventLoop - instrumented a special java.util.Set into: sun.nio.ch.KQueueSelectorImpl@248deced
20:59:53.480 [main] TRACE io.netty.channel.nio.NioEventLoop - instrumented a special java.util.Set into: sun.nio.ch.KQueueSelectorImpl@2227a6c1
20:59:53.482 [main] TRACE io.netty.channel.nio.NioEventLoop - instrumented a special java.util.Set into: sun.nio.ch.KQueueSelectorImpl@1e9804b9
20:59:53.483 [main] TRACE io.netty.channel.nio.NioEventLoop - instrumented a special java.util.Set into: sun.nio.ch.KQueueSelectorImpl@543e593
20:59:53.484 [main] TRACE io.netty.channel.nio.NioEventLoop - instrumented a special java.util.Set into: sun.nio.ch.KQueueSelectorImpl@4e628b52
20:59:53.485 [main] TRACE io.netty.channel.nio.NioEventLoop - instrumented a special java.util.Set into: sun.nio.ch.KQueueSelectorImpl@51ec2df1
20:59:53.486 [main] TRACE io.netty.channel.nio.NioEventLoop - instrumented a special java.util.Set into: sun.nio.ch.KQueueSelectorImpl@f8f56b9
20:59:53.570 [main] DEBUG io.netty.buffer.PooledByteBufAllocator - -Dio.netty.allocator.numHeapArenas: 16
20:59:53.572 [main] DEBUG io.netty.buffer.PooledByteBufAllocator - -Dio.netty.allocator.numDirectArenas: 16
20:59:53.572 [main] DEBUG io.netty.buffer.PooledByteBufAllocator - -Dio.netty.allocator.pageSize: 8192
20:59:53.573 [main] DEBUG io.netty.buffer.PooledByteBufAllocator - -Dio.netty.allocator.maxOrder: 9
20:59:53.573 [main] DEBUG io.netty.buffer.PooledByteBufAllocator - -Dio.netty.allocator.chunkSize: 4194304
20:59:53.573 [main] DEBUG io.netty.buffer.PooledByteBufAllocator - -Dio.netty.allocator.smallCacheSize: 256
20:59:53.573 [main] DEBUG io.netty.buffer.PooledByteBufAllocator - -Dio.netty.allocator.normalCacheSize: 64
20:59:53.574 [main] DEBUG io.netty.buffer.PooledByteBufAllocator - -Dio.netty.allocator.maxCachedBufferCapacity: 32768
20:59:53.581 [main] DEBUG io.netty.buffer.PooledByteBufAllocator - -Dio.netty.allocator.cacheTrimInterval: 8192
20:59:53.581 [main] DEBUG io.netty.buffer.PooledByteBufAllocator - -Dio.netty.allocator.cacheTrimIntervalMillis: 0
20:59:53.581 [main] DEBUG io.netty.buffer.PooledByteBufAllocator - -Dio.netty.allocator.useCacheForAllThreads: false
20:59:53.582 [main] DEBUG io.netty.buffer.PooledByteBufAllocator - -Dio.netty.allocator.maxCachedByteBuffersPerChunk: 1023
20:59:53.614 [main] DEBUG io.netty.buffer.ByteBufUtil - -Dio.netty.allocator.type: pooled
20:59:53.617 [main] DEBUG io.netty.buffer.ByteBufUtil - -Dio.netty.threadLocalDirectBufferSize: 0
20:59:53.618 [main] DEBUG io.netty.buffer.ByteBufUtil - -Dio.netty.maxThreadLocalCharBufferSize: 16384
20:59:54.955 [Forwarding newSession on session null to remote] DEBUG io.netty.channel.DefaultChannelId - -Dio.netty.processId: 8307 (auto-detected)
20:59:54.971 [Forwarding newSession on session null to remote] DEBUG io.netty.util.NetUtil - -Djava.net.preferIPv4Stack: false
20:59:54.972 [Forwarding newSession on session null to remote] DEBUG io.netty.util.NetUtil - -Djava.net.preferIPv6Addresses: false
20:59:54.996 [Forwarding newSession on session null to remote] DEBUG io.netty.util.NetUtilInitializations - Loopback interface: lo0 (lo0, 0:0:0:0:0:0:0:1%lo0)
20:59:55.000 [Forwarding newSession on session null to remote] DEBUG io.netty.util.NetUtil - Failed to get SOMAXCONN from sysctl and file /proc/sys/net/core/somaxconn. Default: 128
20:59:55.028 [Forwarding newSession on session null to remote] DEBUG io.netty.channel.DefaultChannelId - -Dio.netty.machineId: 3c:a6:f6:ff:fe:3c:2e:23 (auto-detected)
20:59:55.226 [AsyncHttpClient-1-2] DEBUG io.netty.buffer.AbstractByteBuf - -Dio.netty.buffer.checkAccessible: true
20:59:55.230 [AsyncHttpClient-1-2] DEBUG io.netty.buffer.AbstractByteBuf - -Dio.netty.buffer.checkBounds: true
20:59:55.231 [AsyncHttpClient-1-2] DEBUG io.netty.util.ResourceLeakDetectorFactory - Loaded default ResourceLeakDetector: io.netty.util.ResourceLeakDetector@60747de1
20:59:55.307 [AsyncHttpClient-1-2] DEBUG io.netty.util.Recycler - -Dio.netty.recycler.maxCapacityPerThread: 4096
20:59:55.308 [AsyncHttpClient-1-2] DEBUG io.netty.util.Recycler - -Dio.netty.recycler.ratio: 8
20:59:55.308 [AsyncHttpClient-1-2] DEBUG io.netty.util.Recycler - -Dio.netty.recycler.chunkSize: 32
20:59:55.308 [AsyncHttpClient-1-2] DEBUG io.netty.util.Recycler - -Dio.netty.recycler.blocking: false
20:59:59.565 [AsyncHttpClient-1-2] DEBUG io.netty.handler.codec.compression.Brotli - brotli4j not in the classpath; Brotli support will be unavailable.
21:00:00.398 [main] DEBUG io.netty.util.internal.ThreadLocalRandom - -Dio.netty.initialSeedUniquifier: 0x1b422db315640cdb
21:00:24.263 [main] INFO  utils.Log - Test LOG
21:00:44.346 [AsyncHttpClient-1-4] TRACE io.netty.handler.codec.http.websocketx.WebSocket08FrameEncoder - Encoding WebSocket Frame opCode=8 length=26
